[debug] [2021-03-03T23:41:33.522Z] ----------------------------------------------------------------------
[debug] [2021-03-03T23:41:33.525Z] Command:       C:\tools\nodejs\node.exe C:\Users\dhake\AppData\Roaming\npm\node_modules\firebase-tools\lib\bin\firebase.js emulators:start
[debug] [2021-03-03T23:41:33.526Z] CLI Version:   9.5.0
[debug] [2021-03-03T23:41:33.526Z] Platform:      win32
[debug] [2021-03-03T23:41:33.526Z] Node Version:  v15.10.0
[debug] [2021-03-03T23:41:33.527Z] Time:          Wed Mar 03 2021 18:41:33 GMT-0500 (Eastern Standard Time)
[debug] [2021-03-03T23:41:33.527Z] ----------------------------------------------------------------------
[debug] [2021-03-03T23:41:33.527Z] 
[debug] [2021-03-03T23:41:33.537Z] > command requires scopes: ["email","openid","https://www.googleapis.com/auth/cloudplatformprojects.readonly","https://www.googleapis.com/auth/firebase","https://www.googleapis.com/auth/cloud-platform"]
[debug] [2021-03-03T23:41:33.538Z] > authorizing via signed-in user
[info] i  emulators: Starting emulators: functions, hosting {"metadata":{"emulator":{"name":"hub"},"message":"Starting emulators: functions, hosting"}}
[debug] [2021-03-03T23:41:33.592Z] [hub] writing locator at C:\Users\dhake\AppData\Local\Temp\hub-react-challenge-a52f9.json
[warn] !  functions: The following emulators are not running, calls to these services from the Functions emulator will affect production: auth, firestore, database, pubsub {"metadata":{"emulator":{"name":"functions"},"message":"The following emulators are not running, calls to these services from the Functions emulator will affect production: \u001b[1mauth, firestore, database, pubsub\u001b[22m"}}
[warn] !  Your requested "node" version "12" doesn't match your global version "15" {"metadata":{"emulator":{"name":"functions"},"message":"Your requested \"node\" version \"12\" doesn't match your global version \"15\""}}
[debug] [2021-03-03T23:41:33.641Z] defaultcredentials: writing to file C:\Users\dhake\AppData\Roaming\firebase\lp12345000_gmail_com_application_default_credentials.json
[debug] [2021-03-03T23:41:33.646Z] Setting GAC to C:\Users\dhake\AppData\Roaming\firebase\lp12345000_gmail_com_application_default_credentials.json {"metadata":{"emulator":{"name":"functions"},"message":"Setting GAC to C:\\Users\\dhake\\AppData\\Roaming\\firebase\\lp12345000_gmail_com_application_default_credentials.json"}}
[debug] [2021-03-03T23:41:33.649Z] > refreshing access token with scopes: []
[debug] [2021-03-03T23:41:33.650Z] >>> HTTP REQUEST POST https://www.googleapis.com/oauth2/v3/token  
 <request body omitted>
[debug] [2021-03-03T23:41:36.226Z] <<< HTTP RESPONSE 200 {"expires":"Mon, 01 Jan 1990 00:00:00 GMT","date":"Wed, 03 Mar 2021 23:41:36 GMT","pragma":"no-cache","cache-control":"no-cache, no-store, max-age=0, must-revalidate","content-type":"application/json; charset=utf-8","vary":"X-Origin, Referer, Origin,Accept-Encoding","server":"scaffolding on HTTPServer2","x-xss-protection":"0","x-frame-options":"SAMEORIGIN","x-content-type-options":"nosniff","alt-svc":"h3-29=\":443\"; ma=2592000,h3-T051=\":443\"; ma=2592000,h3-Q050=\":443\"; ma=2592000,h3-Q046=\":443\"; ma=2592000,h3-Q043=\":443\"; ma=2592000,quic=\":443\"; ma=2592000; v=\"46,43\"","accept-ranges":"none","transfer-encoding":"chunked"}
[debug] [2021-03-03T23:41:36.233Z] >>> [apiv2][query] GET https://firebase.googleapis.com/v1beta1/projects/react-challenge-a52f9/adminSdkConfig [none]
[debug] [2021-03-03T23:41:36.605Z] <<< [apiv2][status] GET https://firebase.googleapis.com/v1beta1/projects/react-challenge-a52f9/adminSdkConfig 200
[debug] [2021-03-03T23:41:36.606Z] <<< [apiv2][body] GET https://firebase.googleapis.com/v1beta1/projects/react-challenge-a52f9/adminSdkConfig {"projectId":"react-challenge-a52f9","storageBucket":"react-challenge-a52f9.appspot.com","locationId":"us-central"}
[debug] [2021-03-03T23:41:36.629Z] >>> [apiv2][query] GET https://firebase.googleapis.com/v1beta1/projects/react-challenge-a52f9/webApps/-/config [none]
[debug] [2021-03-03T23:41:37.119Z] <<< [apiv2][status] GET https://firebase.googleapis.com/v1beta1/projects/react-challenge-a52f9/webApps/-/config 200
[debug] [2021-03-03T23:41:37.119Z] <<< [apiv2][body] GET https://firebase.googleapis.com/v1beta1/projects/react-challenge-a52f9/webApps/-/config {"projectId":"react-challenge-a52f9","appId":"1:562042407960:web:32d881b1ed3dde9cc7c76d","storageBucket":"react-challenge-a52f9.appspot.com","locationId":"us-central","apiKey":"AIzaSyCWRpweNMcD4-XVim5gZ8GkOlKccRV3wd0","authDomain":"react-challenge-a52f9.firebaseapp.com","messagingSenderId":"562042407960"}
[info] i  hosting: Serving hosting files from: build {"metadata":{"emulator":{"name":"hosting"},"message":"Serving hosting files from: \u001b[1mbuild\u001b[22m"}}
[info] +  hosting: Local server: http://localhost:5000 {"metadata":{"emulator":{"name":"hosting"},"message":"Local server: \u001b[4m\u001b[1mhttp://localhost:5000\u001b[22m\u001b[24m"}}
[debug] [2021-03-03T23:41:37.427Z] Ignoring unsupported arg: auto_download {"metadata":{"emulator":{"name":"ui"},"message":"Ignoring unsupported arg: auto_download"}}
[debug] [2021-03-03T23:41:37.427Z] Ignoring unsupported arg: port {"metadata":{"emulator":{"name":"ui"},"message":"Ignoring unsupported arg: port"}}
[debug] [2021-03-03T23:41:37.428Z] Starting Emulator UI with command {"binary":"node","args":["C:\\Users\\dhake\\.cache\\firebase\\emulators\\ui-v1.4.2\\server.bundle.js"],"optionalArgs":[],"joinArgs":false} {"metadata":{"emulator":{"name":"ui"},"message":"Starting Emulator UI with command {\"binary\":\"node\",\"args\":[\"C:\\\\Users\\\\dhake\\\\.cache\\\\firebase\\\\emulators\\\\ui-v1.4.2\\\\server.bundle.js\"],\"optionalArgs\":[],\"joinArgs\":false}"}}
[info] i  ui: Emulator UI logging to ui-debug.log {"metadata":{"emulator":{"name":"ui"},"message":"Emulator UI logging to \u001b[1mui-debug.log\u001b[22m"}}
[debug] [2021-03-03T23:41:37.600Z] Web / API server started at http://localhost:4000
 {"metadata":{"emulator":{"name":"ui"},"message":"Web / API server started at http://localhost:4000\n"}}
[info] i  functions: Watching "C:\Users\dhake\Desktop\lajo_react_projects\react-challenge\functions" for Cloud Functions... {"metadata":{"emulator":{"name":"functions"},"message":"Watching \"C:\\Users\\dhake\\Desktop\\lajo_react_projects\\react-challenge\\functions\" for Cloud Functions..."}}
[debug] [2021-03-03T23:41:37.725Z] [worker-pool] addWorker(~diagnostic~) {"metadata":{"emulator":{"name":"functions"},"message":"[worker-pool] addWorker(~diagnostic~)"}}
[debug] [2021-03-03T23:41:37.726Z] [worker-pool] Adding worker with key ~diagnostic~, total=1 {"metadata":{"emulator":{"name":"functions"},"message":"[worker-pool] Adding worker with key ~diagnostic~, total=1"}}
[debug] [2021-03-03T23:41:37.726Z] [worker-pool] submitWork(triggerId=) {"metadata":{"emulator":{"name":"functions"},"message":"[worker-pool] submitWork(triggerId=)"}}
[debug] [2021-03-03T23:41:37.726Z] [worker-~diagnostic~-522efcdc-07b2-4a3d-8180-3db949ecbbb6]: Assigning socketPath: \\?\pipe\C:\Users\dhake\Desktop\lajo_react_projects\react-challenge\functions\12580 {"metadata":{"emulator":{"name":"functions"},"message":"[worker-~diagnostic~-522efcdc-07b2-4a3d-8180-3db949ecbbb6]: Assigning socketPath: \\\\?\\pipe\\C:\\Users\\dhake\\Desktop\\lajo_react_projects\\react-challenge\\functions\\12580"}}
[debug] [2021-03-03T23:41:37.727Z] [worker-~diagnostic~-522efcdc-07b2-4a3d-8180-3db949ecbbb6]: BUSY {"metadata":{"emulator":{"name":"functions"},"message":"[worker-~diagnostic~-522efcdc-07b2-4a3d-8180-3db949ecbbb6]: BUSY"}}
